<?xml version="1.0" encoding="UTF-8"?>
<!-- Generated by org.testng.reporters.JUnitXMLReporter -->
<testsuite ignored="0" hostname="DESKTOP-SOFQLGG" failures="0" tests="11" name="Default test" time="203.927" errors="0" timestamp="2026-07-17T22:50:38 EET">
  <testcase classname="myPackage.CalculatorAppClass" name="myfirstTest" time="4.554"/>
  <testcase classname="myPackage.CalculatorAppClass" name="ClickOnAllDigits" time="9.445"/>
  <testcase classname="myPackage.CalculatorAppClass" name="ClickOnAllOddButtonsNumbers" time="10.542"/>
  <testcase classname="myPackage.CalculatorAppClass" name="testAddition" time="4.601"/>
  <testcase classname="myPackage.CalculatorAppClass" name="testSubtraction" time="4.506"/>
  <testcase classname="myPackage.CalculatorAppClass" name="testMultiplication" time="4.478"/>
  <testcase classname="myPackage.CalculatorAppClass" name="testDivision" time="4.891"/>
  <testcase classname="myPackage.CalculatorAppClass" name="testClearButton" time="2.783"/>
  <testcase classname="myPackage.CalculatorAppClass" name="testDeleteButton" time="3.645"/>
  <testcase classname="myPackage.CalculatorAppClass" name="testDivisionByZero" time="4.577"/>
  <testcase classname="myPackage.CalculatorAppClass" name="testDecimalCalculation" time="8.177"/>
</testsuite> <!-- Default test -->
