<?xml version="1.0" encoding="UTF-8"?>
<!-- Generated by org.testng.reporters.JUnitXMLReporter -->
<testsuite ignored="0" hostname="DESKTOP-SOFQLGG" failures="0" tests="11" name="Default test" time="200.246" errors="0" timestamp="2026-07-17T22:06:42 EET">
  <testcase classname="Apps.App1" name="myfirstTest" time="4.264"/>
  <testcase classname="Apps.App1" name="ClickOnAllDigits" time="9.427"/>
  <testcase classname="Apps.App1" name="ClickOnAllOddButtonsNumbers" time="14.624"/>
  <testcase classname="Apps.App1" name="testAddition" time="4.55"/>
  <testcase classname="Apps.App1" name="testSubtraction" time="4.401"/>
  <testcase classname="Apps.App1" name="testMultiplication" time="4.604"/>
  <testcase classname="Apps.App1" name="testDivision" time="4.364"/>
  <testcase classname="Apps.App1" name="testClearButton" time="2.367"/>
  <testcase classname="Apps.App1" name="testDeleteButton" time="3.701"/>
  <testcase classname="Apps.App1" name="testDivisionByZero" time="4.354"/>
  <testcase classname="Apps.App1" name="testDecimalCalculation" time="7.293"/>
</testsuite> <!-- Default test -->
