<?xml version="1.0" encoding="UTF-8"?>
<!-- Generated by org.testng.reporters.JUnitReportReporter -->
<testsuite hostname="DESKTOP-SOFQLGG" failures="0" tests="11" name="myPackage.CalculatorAppClass" time="203.771" errors="0" timestamp="2026-07-17T22:50:38 EET" skipped="0">
  <testcase classname="myPackage.CalculatorAppClass" name="myfirstTest" time="17.414"/>
  <testcase classname="myPackage.CalculatorAppClass" name="ClickOnAllDigits" time="22.197"/>
  <testcase classname="myPackage.CalculatorAppClass" name="ClickOnAllOddButtonsNumbers" time="23.218"/>
  <testcase classname="myPackage.CalculatorAppClass" name="testAddition" time="17.199"/>
  <testcase classname="myPackage.CalculatorAppClass" name="testSubtraction" time="17.168"/>
  <testcase classname="myPackage.CalculatorAppClass" name="testMultiplication" time="16.985"/>
  <testcase classname="myPackage.CalculatorAppClass" name="testDivision" time="17.291"/>
  <testcase classname="myPackage.CalculatorAppClass" name="testClearButton" time="15.263"/>
  <testcase classname="myPackage.CalculatorAppClass" name="testDeleteButton" time="16.257"/>
  <testcase classname="myPackage.CalculatorAppClass" name="testDivisionByZero" time="19.510"/>
  <testcase classname="myPackage.CalculatorAppClass" name="testDecimalCalculation" time="21.269"/>
</testsuite> <!-- myPackage.CalculatorAppClass -->
