<?xml version="1.0" encoding="UTF-8"?>
<!-- Generated by org.testng.reporters.JUnitReportReporter -->
<testsuite hostname="DESKTOP-SOFQLGG" failures="0" tests="11" name="Apps.App1" time="200.062" errors="0" timestamp="2026-07-17T22:06:42 EET" skipped="0">
  <testcase classname="Apps.App1" name="myfirstTest" time="16.218"/>
  <testcase classname="Apps.App1" name="ClickOnAllOddButtonsNumbers" time="26.994"/>
  <testcase classname="Apps.App1" name="ClickOnAllDigits" time="21.827"/>
  <testcase classname="Apps.App1" name="testAddition" time="18.633"/>
  <testcase classname="Apps.App1" name="testSubtraction" time="16.628"/>
  <testcase classname="Apps.App1" name="testMultiplication" time="16.634"/>
  <testcase classname="Apps.App1" name="testDivision" time="16.630"/>
  <testcase classname="Apps.App1" name="testClearButton" time="14.585"/>
  <testcase classname="Apps.App1" name="testDeleteButton" time="15.897"/>
  <testcase classname="Apps.App1" name="testDivisionByZero" time="16.858"/>
  <testcase classname="Apps.App1" name="testDecimalCalculation" time="19.158"/>
</testsuite> <!-- Apps.App1 -->
